{
  level: 'error',
  message: 'unhandledRejection: Cannot set headers after they are sent to the client\n' +
    'Error [ERR_HTTP_HEADERS_SENT]: Cannot set headers after they are sent to the client\n' +
    '    at new NodeError (node:internal/errors:372:5)\n' +
    '    at ServerResponse.setHeader (node:_http_outgoing:576:11)\n' +
    '    at ServerResponse.header (/Users/Noemi_Verebelyi/Desktop/nodejs_mentoring/node_modules/express/lib/response.js:794:10)\n' +
    '    at ServerResponse.send (/Users/Noemi_Verebelyi/Desktop/nodejs_mentoring/node_modules/express/lib/response.js:174:12)\n' +
    '    at ServerResponse.json (/Users/Noemi_Verebelyi/Desktop/nodejs_mentoring/node_modules/express/lib/response.js:278:15)\n' +
    '    at /Users/Noemi_Verebelyi/Desktop/nodejs_mentoring/homework_2/services/user-service.ts:41:21\n' +
    '    at processTicksAndRejections (node:internal/process/task_queues:96:5)',
  metadata: {
    error: Error [ERR_HTTP_HEADERS_SENT]: Cannot set headers after they are sent to the client
        at new NodeError (node:internal/errors:372:5)
        at ServerResponse.setHeader (node:_http_outgoing:576:11)
        at ServerResponse.header (/Users/Noemi_Verebelyi/Desktop/nodejs_mentoring/node_modules/express/lib/response.js:794:10)
        at ServerResponse.send (/Users/Noemi_Verebelyi/Desktop/nodejs_mentoring/node_modules/express/lib/response.js:174:12)
        at ServerResponse.json (/Users/Noemi_Verebelyi/Desktop/nodejs_mentoring/node_modules/express/lib/response.js:278:15)
        at /Users/Noemi_Verebelyi/Desktop/nodejs_mentoring/homework_2/services/user-service.ts:41:21
        at processTicksAndRejections (node:internal/process/task_queues:96:5) {
      code: 'ERR_HTTP_HEADERS_SENT'
    },
    stack: 'Error [ERR_HTTP_HEADERS_SENT]: Cannot set headers after they are sent to the client\n' +
      '    at new NodeError (node:internal/errors:372:5)\n' +
      '    at ServerResponse.setHeader (node:_http_outgoing:576:11)\n' +
      '    at ServerResponse.header (/Users/Noemi_Verebelyi/Desktop/nodejs_mentoring/node_modules/express/lib/response.js:794:10)\n' +
      '    at ServerResponse.send (/Users/Noemi_Verebelyi/Desktop/nodejs_mentoring/node_modules/express/lib/response.js:174:12)\n' +
      '    at ServerResponse.json (/Users/Noemi_Verebelyi/Desktop/nodejs_mentoring/node_modules/express/lib/response.js:278:15)\n' +
      '    at /Users/Noemi_Verebelyi/Desktop/nodejs_mentoring/homework_2/services/user-service.ts:41:21\n' +
      '    at processTicksAndRejections (node:internal/process/task_queues:96:5)',
    exception: true,
    date: 'Sat Mar 04 2023 14:35:15 GMT+0100 (Central European Standard Time)',
    process: {
      pid: 9894,
      uid: 501,
      gid: 20,
      cwd: '/Users/Noemi_Verebelyi/Desktop/nodejs_mentoring',
      execPath: '/usr/local/bin/node',
      version: 'v16.15.0',
      argv: [
        '/Users/Noemi_Verebelyi/Desktop/nodejs_mentoring/node_modules/.bin/ts-node',
        '/Users/Noemi_Verebelyi/Desktop/nodejs_mentoring/homework_2/app.ts'
      ],
      memoryUsage: {
        rss: 208633856,
        heapTotal: 119619584,
        heapUsed: 115264736,
        external: 3288779,
        arrayBuffers: 1851384
      }
    },
    os: {
      loadavg: [ 2.43994140625, 2.0947265625, 2.08349609375 ],
      uptime: 191945
    },
    trace: [
      {
        column: 5,
        file: 'node:internal/errors',
        function: 'new NodeError',
        line: 372,
        method: null,
        native: false
      },
      {
        column: 11,
        file: 'node:_http_outgoing',
        function: 'ServerResponse.setHeader',
        line: 576,
        method: 'setHeader',
        native: false
      },
      {
        column: 10,
        file: '/Users/Noemi_Verebelyi/Desktop/nodejs_mentoring/node_modules/express/lib/response.js',
        function: 'ServerResponse.header',
        line: 794,
        method: 'header',
        native: false
      },
      {
        column: 12,
        file: '/Users/Noemi_Verebelyi/Desktop/nodejs_mentoring/node_modules/express/lib/response.js',
        function: 'ServerResponse.send',
        line: 174,
        method: 'send',
        native: false
      },
      {
        column: 15,
        file: '/Users/Noemi_Verebelyi/Desktop/nodejs_mentoring/node_modules/express/lib/response.js',
        function: 'ServerResponse.json',
        line: 278,
        method: 'json',
        native: false
      },
      {
        column: 21,
        file: '/Users/Noemi_Verebelyi/Desktop/nodejs_mentoring/homework_2/services/user-service.ts',
        function: null,
        line: 41,
        method: null,
        native: false
      },
      {
        column: 5,
        file: 'node:internal/process/task_queues',
        function: 'processTicksAndRejections',
        line: 96,
        method: null,
        native: false
      }
    ],
    timestamp: '2023-03-04T13:35:15.697Z'
  }
}
{
  level: 'error',
  message: 'unhandledRejection: Cannot set headers after they are sent to the client\n' +
    'Error [ERR_HTTP_HEADERS_SENT]: Cannot set headers after they are sent to the client\n' +
    '    at new NodeError (node:internal/errors:372:5)\n' +
    '    at ServerResponse.setHeader (node:_http_outgoing:576:11)\n' +
    '    at ServerResponse.header (/Users/Noemi_Verebelyi/Desktop/nodejs_mentoring/node_modules/express/lib/response.js:794:10)\n' +
    '    at ServerResponse.send (/Users/Noemi_Verebelyi/Desktop/nodejs_mentoring/node_modules/express/lib/response.js:174:12)\n' +
    '    at ServerResponse.json (/Users/Noemi_Verebelyi/Desktop/nodejs_mentoring/node_modules/express/lib/response.js:278:15)\n' +
    '    at /Users/Noemi_Verebelyi/Desktop/nodejs_mentoring/homework_2/services/user-service.ts:41:21\n' +
    '    at processTicksAndRejections (node:internal/process/task_queues:96:5)',
  metadata: {
    error: Error [ERR_HTTP_HEADERS_SENT]: Cannot set headers after they are sent to the client
        at new NodeError (node:internal/errors:372:5)
        at ServerResponse.setHeader (node:_http_outgoing:576:11)
        at ServerResponse.header (/Users/Noemi_Verebelyi/Desktop/nodejs_mentoring/node_modules/express/lib/response.js:794:10)
        at ServerResponse.send (/Users/Noemi_Verebelyi/Desktop/nodejs_mentoring/node_modules/express/lib/response.js:174:12)
        at ServerResponse.json (/Users/Noemi_Verebelyi/Desktop/nodejs_mentoring/node_modules/express/lib/response.js:278:15)
        at /Users/Noemi_Verebelyi/Desktop/nodejs_mentoring/homework_2/services/user-service.ts:41:21
        at processTicksAndRejections (node:internal/process/task_queues:96:5) {
      code: 'ERR_HTTP_HEADERS_SENT'
    },
    stack: 'Error [ERR_HTTP_HEADERS_SENT]: Cannot set headers after they are sent to the client\n' +
      '    at new NodeError (node:internal/errors:372:5)\n' +
      '    at ServerResponse.setHeader (node:_http_outgoing:576:11)\n' +
      '    at ServerResponse.header (/Users/Noemi_Verebelyi/Desktop/nodejs_mentoring/node_modules/express/lib/response.js:794:10)\n' +
      '    at ServerResponse.send (/Users/Noemi_Verebelyi/Desktop/nodejs_mentoring/node_modules/express/lib/response.js:174:12)\n' +
      '    at ServerResponse.json (/Users/Noemi_Verebelyi/Desktop/nodejs_mentoring/node_modules/express/lib/response.js:278:15)\n' +
      '    at /Users/Noemi_Verebelyi/Desktop/nodejs_mentoring/homework_2/services/user-service.ts:41:21\n' +
      '    at processTicksAndRejections (node:internal/process/task_queues:96:5)',
    exception: true,
    date: 'Sat Mar 04 2023 14:36:56 GMT+0100 (Central European Standard Time)',
    process: {
      pid: 10112,
      uid: 501,
      gid: 20,
      cwd: '/Users/Noemi_Verebelyi/Desktop/nodejs_mentoring',
      execPath: '/usr/local/bin/node',
      version: 'v16.15.0',
      argv: [
        '/Users/Noemi_Verebelyi/Desktop/nodejs_mentoring/node_modules/.bin/ts-node',
        '/Users/Noemi_Verebelyi/Desktop/nodejs_mentoring/homework_2/app.ts'
      ],
      memoryUsage: {
        rss: 203984896,
        heapTotal: 118833152,
        heapUsed: 115414160,
        external: 3376765,
        arrayBuffers: 1841520
      }
    },
    os: {
      loadavg: [ 1.91943359375, 2.05224609375, 2.06591796875 ],
      uptime: 192046
    },
    trace: [
      {
        column: 5,
        file: 'node:internal/errors',
        function: 'new NodeError',
        line: 372,
        method: null,
        native: false
      },
      {
        column: 11,
        file: 'node:_http_outgoing',
        function: 'ServerResponse.setHeader',
        line: 576,
        method: 'setHeader',
        native: false
      },
      {
        column: 10,
        file: '/Users/Noemi_Verebelyi/Desktop/nodejs_mentoring/node_modules/express/lib/response.js',
        function: 'ServerResponse.header',
        line: 794,
        method: 'header',
        native: false
      },
      {
        column: 12,
        file: '/Users/Noemi_Verebelyi/Desktop/nodejs_mentoring/node_modules/express/lib/response.js',
        function: 'ServerResponse.send',
        line: 174,
        method: 'send',
        native: false
      },
      {
        column: 15,
        file: '/Users/Noemi_Verebelyi/Desktop/nodejs_mentoring/node_modules/express/lib/response.js',
        function: 'ServerResponse.json',
        line: 278,
        method: 'json',
        native: false
      },
      {
        column: 21,
        file: '/Users/Noemi_Verebelyi/Desktop/nodejs_mentoring/homework_2/services/user-service.ts',
        function: null,
        line: 41,
        method: null,
        native: false
      },
      {
        column: 5,
        file: 'node:internal/process/task_queues',
        function: 'processTicksAndRejections',
        line: 96,
        method: null,
        native: false
      }
    ],
    timestamp: '2023-03-04T13:36:56.926Z'
  }
}
{
  level: 'error',
  message: 'unhandledRejection: Cannot set headers after they are sent to the client\n' +
    'Error [ERR_HTTP_HEADERS_SENT]: Cannot set headers after they are sent to the client\n' +
    '    at new NodeError (node:internal/errors:372:5)\n' +
    '    at ServerResponse.setHeader (node:_http_outgoing:576:11)\n' +
    '    at ServerResponse.header (/Users/Noemi_Verebelyi/Desktop/nodejs_mentoring/node_modules/express/lib/response.js:794:10)\n' +
    '    at ServerResponse.send (/Users/Noemi_Verebelyi/Desktop/nodejs_mentoring/node_modules/express/lib/response.js:174:12)\n' +
    '    at ServerResponse.json (/Users/Noemi_Verebelyi/Desktop/nodejs_mentoring/node_modules/express/lib/response.js:278:15)\n' +
    '    at /Users/Noemi_Verebelyi/Desktop/nodejs_mentoring/homework_2/services/user-service.ts:41:21\n' +
    '    at processTicksAndRejections (node:internal/process/task_queues:96:5)',
  metadata: {
    error: Error [ERR_HTTP_HEADERS_SENT]: Cannot set headers after they are sent to the client
        at new NodeError (node:internal/errors:372:5)
        at ServerResponse.setHeader (node:_http_outgoing:576:11)
        at ServerResponse.header (/Users/Noemi_Verebelyi/Desktop/nodejs_mentoring/node_modules/express/lib/response.js:794:10)
        at ServerResponse.send (/Users/Noemi_Verebelyi/Desktop/nodejs_mentoring/node_modules/express/lib/response.js:174:12)
        at ServerResponse.json (/Users/Noemi_Verebelyi/Desktop/nodejs_mentoring/node_modules/express/lib/response.js:278:15)
        at /Users/Noemi_Verebelyi/Desktop/nodejs_mentoring/homework_2/services/user-service.ts:41:21
        at processTicksAndRejections (node:internal/process/task_queues:96:5) {
      code: 'ERR_HTTP_HEADERS_SENT'
    },
    stack: 'Error [ERR_HTTP_HEADERS_SENT]: Cannot set headers after they are sent to the client\n' +
      '    at new NodeError (node:internal/errors:372:5)\n' +
      '    at ServerResponse.setHeader (node:_http_outgoing:576:11)\n' +
      '    at ServerResponse.header (/Users/Noemi_Verebelyi/Desktop/nodejs_mentoring/node_modules/express/lib/response.js:794:10)\n' +
      '    at ServerResponse.send (/Users/Noemi_Verebelyi/Desktop/nodejs_mentoring/node_modules/express/lib/response.js:174:12)\n' +
      '    at ServerResponse.json (/Users/Noemi_Verebelyi/Desktop/nodejs_mentoring/node_modules/express/lib/response.js:278:15)\n' +
      '    at /Users/Noemi_Verebelyi/Desktop/nodejs_mentoring/homework_2/services/user-service.ts:41:21\n' +
      '    at processTicksAndRejections (node:internal/process/task_queues:96:5)',
    exception: true,
    date: 'Sat Mar 04 2023 14:52:41 GMT+0100 (Central European Standard Time)',
    process: {
      pid: 10869,
      uid: 501,
      gid: 20,
      cwd: '/Users/Noemi_Verebelyi/Desktop/nodejs_mentoring',
      execPath: '/usr/local/bin/node',
      version: 'v16.15.0',
      argv: [
        '/Users/Noemi_Verebelyi/Desktop/nodejs_mentoring/node_modules/.bin/ts-node',
        '/Users/Noemi_Verebelyi/Desktop/nodejs_mentoring/homework_2/app.ts'
      ],
      memoryUsage: {
        rss: 202121216,
        heapTotal: 118833152,
        heapUsed: 115266040,
        external: 3377487,
        arrayBuffers: 1851112
      }
    },
    os: {
      loadavg: [ 1.9775390625, 2.35498046875, 2.2265625 ],
      uptime: 192991
    },
    trace: [
      {
        column: 5,
        file: 'node:internal/errors',
        function: 'new NodeError',
        line: 372,
        method: null,
        native: false
      },
      {
        column: 11,
        file: 'node:_http_outgoing',
        function: 'ServerResponse.setHeader',
        line: 576,
        method: 'setHeader',
        native: false
      },
      {
        column: 10,
        file: '/Users/Noemi_Verebelyi/Desktop/nodejs_mentoring/node_modules/express/lib/response.js',
        function: 'ServerResponse.header',
        line: 794,
        method: 'header',
        native: false
      },
      {
        column: 12,
        file: '/Users/Noemi_Verebelyi/Desktop/nodejs_mentoring/node_modules/express/lib/response.js',
        function: 'ServerResponse.send',
        line: 174,
        method: 'send',
        native: false
      },
      {
        column: 15,
        file: '/Users/Noemi_Verebelyi/Desktop/nodejs_mentoring/node_modules/express/lib/response.js',
        function: 'ServerResponse.json',
        line: 278,
        method: 'json',
        native: false
      },
      {
        column: 21,
        file: '/Users/Noemi_Verebelyi/Desktop/nodejs_mentoring/homework_2/services/user-service.ts',
        function: null,
        line: 41,
        method: null,
        native: false
      },
      {
        column: 5,
        file: 'node:internal/process/task_queues',
        function: 'processTicksAndRejections',
        line: 96,
        method: null,
        native: false
      }
    ],
    timestamp: '2023-03-04T13:52:41.764Z'
  }
}
{
  level: 'error',
  message: 'unhandledRejection: Cannot set headers after they are sent to the client\n' +
    'Error [ERR_HTTP_HEADERS_SENT]: Cannot set headers after they are sent to the client\n' +
    '    at new NodeError (node:internal/errors:372:5)\n' +
    '    at ServerResponse.setHeader (node:_http_outgoing:576:11)\n' +
    '    at ServerResponse.header (/Users/Noemi_Verebelyi/Desktop/nodejs_mentoring/node_modules/express/lib/response.js:794:10)\n' +
    '    at ServerResponse.send (/Users/Noemi_Verebelyi/Desktop/nodejs_mentoring/node_modules/express/lib/response.js:174:12)\n' +
    '    at ServerResponse.json (/Users/Noemi_Verebelyi/Desktop/nodejs_mentoring/node_modules/express/lib/response.js:278:15)\n' +
    '    at /Users/Noemi_Verebelyi/Desktop/nodejs_mentoring/homework_2/services/user-service.ts:41:21\n' +
    '    at processTicksAndRejections (node:internal/process/task_queues:96:5)',
  metadata: {
    error: Error [ERR_HTTP_HEADERS_SENT]: Cannot set headers after they are sent to the client
        at new NodeError (node:internal/errors:372:5)
        at ServerResponse.setHeader (node:_http_outgoing:576:11)
        at ServerResponse.header (/Users/Noemi_Verebelyi/Desktop/nodejs_mentoring/node_modules/express/lib/response.js:794:10)
        at ServerResponse.send (/Users/Noemi_Verebelyi/Desktop/nodejs_mentoring/node_modules/express/lib/response.js:174:12)
        at ServerResponse.json (/Users/Noemi_Verebelyi/Desktop/nodejs_mentoring/node_modules/express/lib/response.js:278:15)
        at /Users/Noemi_Verebelyi/Desktop/nodejs_mentoring/homework_2/services/user-service.ts:41:21
        at processTicksAndRejections (node:internal/process/task_queues:96:5) {
      code: 'ERR_HTTP_HEADERS_SENT'
    },
    stack: 'Error [ERR_HTTP_HEADERS_SENT]: Cannot set headers after they are sent to the client\n' +
      '    at new NodeError (node:internal/errors:372:5)\n' +
      '    at ServerResponse.setHeader (node:_http_outgoing:576:11)\n' +
      '    at ServerResponse.header (/Users/Noemi_Verebelyi/Desktop/nodejs_mentoring/node_modules/express/lib/response.js:794:10)\n' +
      '    at ServerResponse.send (/Users/Noemi_Verebelyi/Desktop/nodejs_mentoring/node_modules/express/lib/response.js:174:12)\n' +
      '    at ServerResponse.json (/Users/Noemi_Verebelyi/Desktop/nodejs_mentoring/node_modules/express/lib/response.js:278:15)\n' +
      '    at /Users/Noemi_Verebelyi/Desktop/nodejs_mentoring/homework_2/services/user-service.ts:41:21\n' +
      '    at processTicksAndRejections (node:internal/process/task_queues:96:5)',
    exception: true,
    date: 'Sat Mar 04 2023 14:54:50 GMT+0100 (Central European Standard Time)',
    process: {
      pid: 11326,
      uid: 501,
      gid: 20,
      cwd: '/Users/Noemi_Verebelyi/Desktop/nodejs_mentoring',
      execPath: '/usr/local/bin/node',
      version: 'v16.15.0',
      argv: [
        '/Users/Noemi_Verebelyi/Desktop/nodejs_mentoring/node_modules/.bin/ts-node',
        '/Users/Noemi_Verebelyi/Desktop/nodejs_mentoring/homework_2/app.ts'
      ],
      memoryUsage: {
        rss: 245932032,
        heapTotal: 160776192,
        heapUsed: 137236848,
        external: 7091177,
        arrayBuffers: 2392469
      }
    },
    os: {
      loadavg: [ 2.5185546875, 2.44580078125, 2.27880859375 ],
      uptime: 193120
    },
    trace: [
      {
        column: 5,
        file: 'node:internal/errors',
        function: 'new NodeError',
        line: 372,
        method: null,
        native: false
      },
      {
        column: 11,
        file: 'node:_http_outgoing',
        function: 'ServerResponse.setHeader',
        line: 576,
        method: 'setHeader',
        native: false
      },
      {
        column: 10,
        file: '/Users/Noemi_Verebelyi/Desktop/nodejs_mentoring/node_modules/express/lib/response.js',
        function: 'ServerResponse.header',
        line: 794,
        method: 'header',
        native: false
      },
      {
        column: 12,
        file: '/Users/Noemi_Verebelyi/Desktop/nodejs_mentoring/node_modules/express/lib/response.js',
        function: 'ServerResponse.send',
        line: 174,
        method: 'send',
        native: false
      },
      {
        column: 15,
        file: '/Users/Noemi_Verebelyi/Desktop/nodejs_mentoring/node_modules/express/lib/response.js',
        function: 'ServerResponse.json',
        line: 278,
        method: 'json',
        native: false
      },
      {
        column: 21,
        file: '/Users/Noemi_Verebelyi/Desktop/nodejs_mentoring/homework_2/services/user-service.ts',
        function: null,
        line: 41,
        method: null,
        native: false
      },
      {
        column: 5,
        file: 'node:internal/process/task_queues',
        function: 'processTicksAndRejections',
        line: 96,
        method: null,
        native: false
      }
    ],
    timestamp: '2023-03-04T13:54:50.556Z'
  }
}
{
  level: 'error',
  message: 'unhandledRejection: Cannot set headers after they are sent to the client\n' +
    'Error [ERR_HTTP_HEADERS_SENT]: Cannot set headers after they are sent to the client\n' +
    '    at new NodeError (node:internal/errors:372:5)\n' +
    '    at ServerResponse.setHeader (node:_http_outgoing:576:11)\n' +
    '    at ServerResponse.header (/Users/Noemi_Verebelyi/Desktop/nodejs_mentoring/node_modules/express/lib/response.js:794:10)\n' +
    '    at ServerResponse.send (/Users/Noemi_Verebelyi/Desktop/nodejs_mentoring/node_modules/express/lib/response.js:174:12)\n' +
    '    at ServerResponse.json (/Users/Noemi_Verebelyi/Desktop/nodejs_mentoring/node_modules/express/lib/response.js:278:15)\n' +
    '    at /Users/Noemi_Verebelyi/Desktop/nodejs_mentoring/homework_2/services/user-service.ts:41:21\n' +
    '    at processTicksAndRejections (node:internal/process/task_queues:96:5)',
  metadata: {
    error: Error [ERR_HTTP_HEADERS_SENT]: Cannot set headers after they are sent to the client
        at new NodeError (node:internal/errors:372:5)
        at ServerResponse.setHeader (node:_http_outgoing:576:11)
        at ServerResponse.header (/Users/Noemi_Verebelyi/Desktop/nodejs_mentoring/node_modules/express/lib/response.js:794:10)
        at ServerResponse.send (/Users/Noemi_Verebelyi/Desktop/nodejs_mentoring/node_modules/express/lib/response.js:174:12)
        at ServerResponse.json (/Users/Noemi_Verebelyi/Desktop/nodejs_mentoring/node_modules/express/lib/response.js:278:15)
        at /Users/Noemi_Verebelyi/Desktop/nodejs_mentoring/homework_2/services/user-service.ts:41:21
        at processTicksAndRejections (node:internal/process/task_queues:96:5) {
      code: 'ERR_HTTP_HEADERS_SENT'
    },
    stack: 'Error [ERR_HTTP_HEADERS_SENT]: Cannot set headers after they are sent to the client\n' +
      '    at new NodeError (node:internal/errors:372:5)\n' +
      '    at ServerResponse.setHeader (node:_http_outgoing:576:11)\n' +
      '    at ServerResponse.header (/Users/Noemi_Verebelyi/Desktop/nodejs_mentoring/node_modules/express/lib/response.js:794:10)\n' +
      '    at ServerResponse.send (/Users/Noemi_Verebelyi/Desktop/nodejs_mentoring/node_modules/express/lib/response.js:174:12)\n' +
      '    at ServerResponse.json (/Users/Noemi_Verebelyi/Desktop/nodejs_mentoring/node_modules/express/lib/response.js:278:15)\n' +
      '    at /Users/Noemi_Verebelyi/Desktop/nodejs_mentoring/homework_2/services/user-service.ts:41:21\n' +
      '    at processTicksAndRejections (node:internal/process/task_queues:96:5)',
    exception: true,
    date: 'Sat Mar 04 2023 14:56:03 GMT+0100 (Central European Standard Time)',
    process: {
      pid: 11379,
      uid: 501,
      gid: 20,
      cwd: '/Users/Noemi_Verebelyi/Desktop/nodejs_mentoring',
      execPath: '/usr/local/bin/node',
      version: 'v16.15.0',
      argv: [
        '/Users/Noemi_Verebelyi/Desktop/nodejs_mentoring/node_modules/.bin/ts-node',
        '/Users/Noemi_Verebelyi/Desktop/nodejs_mentoring/homework_2/app.ts'
      ],
      memoryUsage: {
        rss: 208076800,
        heapTotal: 119095296,
        heapUsed: 115199760,
        external: 3289407,
        arrayBuffers: 1852012
      }
    },
    os: {
      loadavg: [ 2.94189453125, 2.6123046875, 2.353515625 ],
      uptime: 193193
    },
    trace: [
      {
        column: 5,
        file: 'node:internal/errors',
        function: 'new NodeError',
        line: 372,
        method: null,
        native: false
      },
      {
        column: 11,
        file: 'node:_http_outgoing',
        function: 'ServerResponse.setHeader',
        line: 576,
        method: 'setHeader',
        native: false
      },
      {
        column: 10,
        file: '/Users/Noemi_Verebelyi/Desktop/nodejs_mentoring/node_modules/express/lib/response.js',
        function: 'ServerResponse.header',
        line: 794,
        method: 'header',
        native: false
      },
      {
        column: 12,
        file: '/Users/Noemi_Verebelyi/Desktop/nodejs_mentoring/node_modules/express/lib/response.js',
        function: 'ServerResponse.send',
        line: 174,
        method: 'send',
        native: false
      },
      {
        column: 15,
        file: '/Users/Noemi_Verebelyi/Desktop/nodejs_mentoring/node_modules/express/lib/response.js',
        function: 'ServerResponse.json',
        line: 278,
        method: 'json',
        native: false
      },
      {
        column: 21,
        file: '/Users/Noemi_Verebelyi/Desktop/nodejs_mentoring/homework_2/services/user-service.ts',
        function: null,
        line: 41,
        method: null,
        native: false
      },
      {
        column: 5,
        file: 'node:internal/process/task_queues',
        function: 'processTicksAndRejections',
        line: 96,
        method: null,
        native: false
      }
    ],
    timestamp: '2023-03-04T13:56:03.500Z'
  }
}
{
  level: 'error',
  message: 'unhandledRejection: Cannot set headers after they are sent to the client\n' +
    'Error [ERR_HTTP_HEADERS_SENT]: Cannot set headers after they are sent to the client\n' +
    '    at new NodeError (node:internal/errors:372:5)\n' +
    '    at ServerResponse.setHeader (node:_http_outgoing:576:11)\n' +
    '    at ServerResponse.header (/Users/Noemi_Verebelyi/Desktop/nodejs_mentoring/node_modules/express/lib/response.js:794:10)\n' +
    '    at ServerResponse.send (/Users/Noemi_Verebelyi/Desktop/nodejs_mentoring/node_modules/express/lib/response.js:174:12)\n' +
    '    at ServerResponse.json (/Users/Noemi_Verebelyi/Desktop/nodejs_mentoring/node_modules/express/lib/response.js:278:15)\n' +
    '    at /Users/Noemi_Verebelyi/Desktop/nodejs_mentoring/homework_2/services/user-service.ts:41:21\n' +
    '    at processTicksAndRejections (node:internal/process/task_queues:96:5)',
  metadata: {
    error: Error [ERR_HTTP_HEADERS_SENT]: Cannot set headers after they are sent to the client
        at new NodeError (node:internal/errors:372:5)
        at ServerResponse.setHeader (node:_http_outgoing:576:11)
        at ServerResponse.header (/Users/Noemi_Verebelyi/Desktop/nodejs_mentoring/node_modules/express/lib/response.js:794:10)
        at ServerResponse.send (/Users/Noemi_Verebelyi/Desktop/nodejs_mentoring/node_modules/express/lib/response.js:174:12)
        at ServerResponse.json (/Users/Noemi_Verebelyi/Desktop/nodejs_mentoring/node_modules/express/lib/response.js:278:15)
        at /Users/Noemi_Verebelyi/Desktop/nodejs_mentoring/homework_2/services/user-service.ts:41:21
        at processTicksAndRejections (node:internal/process/task_queues:96:5) {
      code: 'ERR_HTTP_HEADERS_SENT'
    },
    stack: 'Error [ERR_HTTP_HEADERS_SENT]: Cannot set headers after they are sent to the client\n' +
      '    at new NodeError (node:internal/errors:372:5)\n' +
      '    at ServerResponse.setHeader (node:_http_outgoing:576:11)\n' +
      '    at ServerResponse.header (/Users/Noemi_Verebelyi/Desktop/nodejs_mentoring/node_modules/express/lib/response.js:794:10)\n' +
      '    at ServerResponse.send (/Users/Noemi_Verebelyi/Desktop/nodejs_mentoring/node_modules/express/lib/response.js:174:12)\n' +
      '    at ServerResponse.json (/Users/Noemi_Verebelyi/Desktop/nodejs_mentoring/node_modules/express/lib/response.js:278:15)\n' +
      '    at /Users/Noemi_Verebelyi/Desktop/nodejs_mentoring/homework_2/services/user-service.ts:41:21\n' +
      '    at processTicksAndRejections (node:internal/process/task_queues:96:5)',
    exception: true,
    date: 'Sat Mar 04 2023 14:59:32 GMT+0100 (Central European Standard Time)',
    process: {
      pid: 11603,
      uid: 501,
      gid: 20,
      cwd: '/Users/Noemi_Verebelyi/Desktop/nodejs_mentoring',
      execPath: '/usr/local/bin/node',
      version: 'v16.15.0',
      argv: [
        '/Users/Noemi_Verebelyi/Desktop/nodejs_mentoring/node_modules/.bin/ts-node',
        '/Users/Noemi_Verebelyi/Desktop/nodejs_mentoring/homework_2/app.ts'
      ],
      memoryUsage: {
        rss: 204386304,
        heapTotal: 118571008,
        heapUsed: 114996920,
        external: 3377079,
        arrayBuffers: 1850798
      }
    },
    os: {
      loadavg: [ 5.35498046875, 3.0927734375, 2.56494140625 ],
      uptime: 193402
    },
    trace: [
      {
        column: 5,
        file: 'node:internal/errors',
        function: 'new NodeError',
        line: 372,
        method: null,
        native: false
      },
      {
        column: 11,
        file: 'node:_http_outgoing',
        function: 'ServerResponse.setHeader',
        line: 576,
        method: 'setHeader',
        native: false
      },
      {
        column: 10,
        file: '/Users/Noemi_Verebelyi/Desktop/nodejs_mentoring/node_modules/express/lib/response.js',
        function: 'ServerResponse.header',
        line: 794,
        method: 'header',
        native: false
      },
      {
        column: 12,
        file: '/Users/Noemi_Verebelyi/Desktop/nodejs_mentoring/node_modules/express/lib/response.js',
        function: 'ServerResponse.send',
        line: 174,
        method: 'send',
        native: false
      },
      {
        column: 15,
        file: '/Users/Noemi_Verebelyi/Desktop/nodejs_mentoring/node_modules/express/lib/response.js',
        function: 'ServerResponse.json',
        line: 278,
        method: 'json',
        native: false
      },
      {
        column: 21,
        file: '/Users/Noemi_Verebelyi/Desktop/nodejs_mentoring/homework_2/services/user-service.ts',
        function: null,
        line: 41,
        method: null,
        native: false
      },
      {
        column: 5,
        file: 'node:internal/process/task_queues',
        function: 'processTicksAndRejections',
        line: 96,
        method: null,
        native: false
      }
    ],
    timestamp: '2023-03-04T13:59:32.802Z'
  }
}
{
  level: 'error',
  message: 'unhandledRejection: Cannot set headers after they are sent to the client\n' +
    'Error [ERR_HTTP_HEADERS_SENT]: Cannot set headers after they are sent to the client\n' +
    '    at new NodeError (node:internal/errors:372:5)\n' +
    '    at ServerResponse.setHeader (node:_http_outgoing:576:11)\n' +
    '    at ServerResponse.header (/Users/Noemi_Verebelyi/Desktop/nodejs_mentoring/node_modules/express/lib/response.js:794:10)\n' +
    '    at ServerResponse.send (/Users/Noemi_Verebelyi/Desktop/nodejs_mentoring/node_modules/express/lib/response.js:174:12)\n' +
    '    at ServerResponse.json (/Users/Noemi_Verebelyi/Desktop/nodejs_mentoring/node_modules/express/lib/response.js:278:15)\n' +
    '    at /Users/Noemi_Verebelyi/Desktop/nodejs_mentoring/homework_2/services/user-service.ts:41:21\n' +
    '    at processTicksAndRejections (node:internal/process/task_queues:96:5)',
  metadata: {
    error: Error [ERR_HTTP_HEADERS_SENT]: Cannot set headers after they are sent to the client
        at new NodeError (node:internal/errors:372:5)
        at ServerResponse.setHeader (node:_http_outgoing:576:11)
        at ServerResponse.header (/Users/Noemi_Verebelyi/Desktop/nodejs_mentoring/node_modules/express/lib/response.js:794:10)
        at ServerResponse.send (/Users/Noemi_Verebelyi/Desktop/nodejs_mentoring/node_modules/express/lib/response.js:174:12)
        at ServerResponse.json (/Users/Noemi_Verebelyi/Desktop/nodejs_mentoring/node_modules/express/lib/response.js:278:15)
        at /Users/Noemi_Verebelyi/Desktop/nodejs_mentoring/homework_2/services/user-service.ts:41:21
        at processTicksAndRejections (node:internal/process/task_queues:96:5) {
      code: 'ERR_HTTP_HEADERS_SENT'
    },
    stack: 'Error [ERR_HTTP_HEADERS_SENT]: Cannot set headers after they are sent to the client\n' +
      '    at new NodeError (node:internal/errors:372:5)\n' +
      '    at ServerResponse.setHeader (node:_http_outgoing:576:11)\n' +
      '    at ServerResponse.header (/Users/Noemi_Verebelyi/Desktop/nodejs_mentoring/node_modules/express/lib/response.js:794:10)\n' +
      '    at ServerResponse.send (/Users/Noemi_Verebelyi/Desktop/nodejs_mentoring/node_modules/express/lib/response.js:174:12)\n' +
      '    at ServerResponse.json (/Users/Noemi_Verebelyi/Desktop/nodejs_mentoring/node_modules/express/lib/response.js:278:15)\n' +
      '    at /Users/Noemi_Verebelyi/Desktop/nodejs_mentoring/homework_2/services/user-service.ts:41:21\n' +
      '    at processTicksAndRejections (node:internal/process/task_queues:96:5)',
    exception: true,
    date: 'Sat Mar 04 2023 15:27:37 GMT+0100 (Central European Standard Time)',
    process: {
      pid: 11887,
      uid: 501,
      gid: 20,
      cwd: '/Users/Noemi_Verebelyi/Desktop/nodejs_mentoring',
      execPath: '/usr/local/bin/node',
      version: 'v16.15.0',
      argv: [
        '/Users/Noemi_Verebelyi/Desktop/nodejs_mentoring/node_modules/.bin/ts-node',
        '/Users/Noemi_Verebelyi/Desktop/nodejs_mentoring/homework_2/app.ts'
      ],
      memoryUsage: {
        rss: 204943360,
        heapTotal: 119095296,
        heapUsed: 115320448,
        external: 3377144,
        arrayBuffers: 1850863
      }
    },
    os: {
      loadavg: [ 1.6865234375, 1.61474609375, 1.86328125 ],
      uptime: 195087
    },
    trace: [
      {
        column: 5,
        file: 'node:internal/errors',
        function: 'new NodeError',
        line: 372,
        method: null,
        native: false
      },
      {
        column: 11,
        file: 'node:_http_outgoing',
        function: 'ServerResponse.setHeader',
        line: 576,
        method: 'setHeader',
        native: false
      },
      {
        column: 10,
        file: '/Users/Noemi_Verebelyi/Desktop/nodejs_mentoring/node_modules/express/lib/response.js',
        function: 'ServerResponse.header',
        line: 794,
        method: 'header',
        native: false
      },
      {
        column: 12,
        file: '/Users/Noemi_Verebelyi/Desktop/nodejs_mentoring/node_modules/express/lib/response.js',
        function: 'ServerResponse.send',
        line: 174,
        method: 'send',
        native: false
      },
      {
        column: 15,
        file: '/Users/Noemi_Verebelyi/Desktop/nodejs_mentoring/node_modules/express/lib/response.js',
        function: 'ServerResponse.json',
        line: 278,
        method: 'json',
        native: false
      },
      {
        column: 21,
        file: '/Users/Noemi_Verebelyi/Desktop/nodejs_mentoring/homework_2/services/user-service.ts',
        function: null,
        line: 41,
        method: null,
        native: false
      },
      {
        column: 5,
        file: 'node:internal/process/task_queues',
        function: 'processTicksAndRejections',
        line: 96,
        method: null,
        native: false
      }
    ],
    timestamp: '2023-03-04T14:27:37.179Z'
  }
}
{
  level: 'error',
  message: 'unhandledRejection: Cannot set headers after they are sent to the client\n' +
    'Error [ERR_HTTP_HEADERS_SENT]: Cannot set headers after they are sent to the client\n' +
    '    at new NodeError (node:internal/errors:372:5)\n' +
    '    at ServerResponse.setHeader (node:_http_outgoing:576:11)\n' +
    '    at ServerResponse.header (/Users/Noemi_Verebelyi/Desktop/nodejs_mentoring/node_modules/express/lib/response.js:794:10)\n' +
    '    at ServerResponse.send (/Users/Noemi_Verebelyi/Desktop/nodejs_mentoring/node_modules/express/lib/response.js:174:12)\n' +
    '    at ServerResponse.json (/Users/Noemi_Verebelyi/Desktop/nodejs_mentoring/node_modules/express/lib/response.js:278:15)\n' +
    '    at /Users/Noemi_Verebelyi/Desktop/nodejs_mentoring/homework_2/services/user-service.ts:41:21\n' +
    '    at processTicksAndRejections (node:internal/process/task_queues:96:5)',
  metadata: {
    error: Error [ERR_HTTP_HEADERS_SENT]: Cannot set headers after they are sent to the client
        at new NodeError (node:internal/errors:372:5)
        at ServerResponse.setHeader (node:_http_outgoing:576:11)
        at ServerResponse.header (/Users/Noemi_Verebelyi/Desktop/nodejs_mentoring/node_modules/express/lib/response.js:794:10)
        at ServerResponse.send (/Users/Noemi_Verebelyi/Desktop/nodejs_mentoring/node_modules/express/lib/response.js:174:12)
        at ServerResponse.json (/Users/Noemi_Verebelyi/Desktop/nodejs_mentoring/node_modules/express/lib/response.js:278:15)
        at /Users/Noemi_Verebelyi/Desktop/nodejs_mentoring/homework_2/services/user-service.ts:41:21
        at processTicksAndRejections (node:internal/process/task_queues:96:5) {
      code: 'ERR_HTTP_HEADERS_SENT'
    },
    stack: 'Error [ERR_HTTP_HEADERS_SENT]: Cannot set headers after they are sent to the client\n' +
      '    at new NodeError (node:internal/errors:372:5)\n' +
      '    at ServerResponse.setHeader (node:_http_outgoing:576:11)\n' +
      '    at ServerResponse.header (/Users/Noemi_Verebelyi/Desktop/nodejs_mentoring/node_modules/express/lib/response.js:794:10)\n' +
      '    at ServerResponse.send (/Users/Noemi_Verebelyi/Desktop/nodejs_mentoring/node_modules/express/lib/response.js:174:12)\n' +
      '    at ServerResponse.json (/Users/Noemi_Verebelyi/Desktop/nodejs_mentoring/node_modules/express/lib/response.js:278:15)\n' +
      '    at /Users/Noemi_Verebelyi/Desktop/nodejs_mentoring/homework_2/services/user-service.ts:41:21\n' +
      '    at processTicksAndRejections (node:internal/process/task_queues:96:5)',
    exception: true,
    date: 'Sat Mar 04 2023 17:27:05 GMT+0100 (Central European Standard Time)',
    process: {
      pid: 14259,
      uid: 501,
      gid: 20,
      cwd: '/Users/Noemi_Verebelyi/Desktop/nodejs_mentoring',
      execPath: '/usr/local/bin/node',
      version: 'v16.15.0',
      argv: [
        '/Users/Noemi_Verebelyi/Desktop/nodejs_mentoring/node_modules/.bin/ts-node',
        '/Users/Noemi_Verebelyi/Desktop/nodejs_mentoring/homework_2/app.ts'
      ],
      memoryUsage: {
        rss: 203677696,
        heapTotal: 119095296,
        heapUsed: 115195400,
        external: 3376356,
        arrayBuffers: 1841520
      }
    },
    os: {
      loadavg: [ 2.26318359375, 2.205078125, 2.11767578125 ],
      uptime: 202255
    },
    trace: [
      {
        column: 5,
        file: 'node:internal/errors',
        function: 'new NodeError',
        line: 372,
        method: null,
        native: false
      },
      {
        column: 11,
        file: 'node:_http_outgoing',
        function: 'ServerResponse.setHeader',
        line: 576,
        method: 'setHeader',
        native: false
      },
      {
        column: 10,
        file: '/Users/Noemi_Verebelyi/Desktop/nodejs_mentoring/node_modules/express/lib/response.js',
        function: 'ServerResponse.header',
        line: 794,
        method: 'header',
        native: false
      },
      {
        column: 12,
        file: '/Users/Noemi_Verebelyi/Desktop/nodejs_mentoring/node_modules/express/lib/response.js',
        function: 'ServerResponse.send',
        line: 174,
        method: 'send',
        native: false
      },
      {
        column: 15,
        file: '/Users/Noemi_Verebelyi/Desktop/nodejs_mentoring/node_modules/express/lib/response.js',
        function: 'ServerResponse.json',
        line: 278,
        method: 'json',
        native: false
      },
      {
        column: 21,
        file: '/Users/Noemi_Verebelyi/Desktop/nodejs_mentoring/homework_2/services/user-service.ts',
        function: null,
        line: 41,
        method: null,
        native: false
      },
      {
        column: 5,
        file: 'node:internal/process/task_queues',
        function: 'processTicksAndRejections',
        line: 96,
        method: null,
        native: false
      }
    ],
    timestamp: '2023-03-04T16:27:05.047Z'
  }
}
{
  level: 'error',
  message: 'unhandledRejection: Cannot set headers after they are sent to the client\n' +
    'Error [ERR_HTTP_HEADERS_SENT]: Cannot set headers after they are sent to the client\n' +
    '    at new NodeError (node:internal/errors:372:5)\n' +
    '    at ServerResponse.setHeader (node:_http_outgoing:576:11)\n' +
    '    at ServerResponse.header (/Users/Noemi_Verebelyi/Desktop/nodejs_mentoring/node_modules/express/lib/response.js:794:10)\n' +
    '    at ServerResponse.send (/Users/Noemi_Verebelyi/Desktop/nodejs_mentoring/node_modules/express/lib/response.js:174:12)\n' +
    '    at ServerResponse.json (/Users/Noemi_Verebelyi/Desktop/nodejs_mentoring/node_modules/express/lib/response.js:278:15)\n' +
    '    at /Users/Noemi_Verebelyi/Desktop/nodejs_mentoring/homework_2/services/user-service.ts:41:21\n' +
    '    at processTicksAndRejections (node:internal/process/task_queues:96:5)',
  metadata: {
    error: Error [ERR_HTTP_HEADERS_SENT]: Cannot set headers after they are sent to the client
        at new NodeError (node:internal/errors:372:5)
        at ServerResponse.setHeader (node:_http_outgoing:576:11)
        at ServerResponse.header (/Users/Noemi_Verebelyi/Desktop/nodejs_mentoring/node_modules/express/lib/response.js:794:10)
        at ServerResponse.send (/Users/Noemi_Verebelyi/Desktop/nodejs_mentoring/node_modules/express/lib/response.js:174:12)
        at ServerResponse.json (/Users/Noemi_Verebelyi/Desktop/nodejs_mentoring/node_modules/express/lib/response.js:278:15)
        at /Users/Noemi_Verebelyi/Desktop/nodejs_mentoring/homework_2/services/user-service.ts:41:21
        at processTicksAndRejections (node:internal/process/task_queues:96:5) {
      code: 'ERR_HTTP_HEADERS_SENT'
    },
    stack: 'Error [ERR_HTTP_HEADERS_SENT]: Cannot set headers after they are sent to the client\n' +
      '    at new NodeError (node:internal/errors:372:5)\n' +
      '    at ServerResponse.setHeader (node:_http_outgoing:576:11)\n' +
      '    at ServerResponse.header (/Users/Noemi_Verebelyi/Desktop/nodejs_mentoring/node_modules/express/lib/response.js:794:10)\n' +
      '    at ServerResponse.send (/Users/Noemi_Verebelyi/Desktop/nodejs_mentoring/node_modules/express/lib/response.js:174:12)\n' +
      '    at ServerResponse.json (/Users/Noemi_Verebelyi/Desktop/nodejs_mentoring/node_modules/express/lib/response.js:278:15)\n' +
      '    at /Users/Noemi_Verebelyi/Desktop/nodejs_mentoring/homework_2/services/user-service.ts:41:21\n' +
      '    at processTicksAndRejections (node:internal/process/task_queues:96:5)',
    exception: true,
    date: 'Sat Mar 04 2023 17:30:52 GMT+0100 (Central European Standard Time)',
    process: {
      pid: 14734,
      uid: 501,
      gid: 20,
      cwd: '/Users/Noemi_Verebelyi/Desktop/nodejs_mentoring',
      execPath: '/usr/local/bin/node',
      version: 'v16.15.0',
      argv: [
        '/Users/Noemi_Verebelyi/Desktop/nodejs_mentoring/node_modules/.bin/ts-node',
        '/Users/Noemi_Verebelyi/Desktop/nodejs_mentoring/homework_2/app.ts'
      ],
      memoryUsage: {
        rss: 246386688,
        heapTotal: 160251904,
        heapUsed: 134729624,
        external: 6308812,
        arrayBuffers: 2285442
      }
    },
    os: {
      loadavg: [ 1.95361328125, 2.10400390625, 2.09130859375 ],
      uptime: 202482
    },
    trace: [
      {
        column: 5,
        file: 'node:internal/errors',
        function: 'new NodeError',
        line: 372,
        method: null,
        native: false
      },
      {
        column: 11,
        file: 'node:_http_outgoing',
        function: 'ServerResponse.setHeader',
        line: 576,
        method: 'setHeader',
        native: false
      },
      {
        column: 10,
        file: '/Users/Noemi_Verebelyi/Desktop/nodejs_mentoring/node_modules/express/lib/response.js',
        function: 'ServerResponse.header',
        line: 794,
        method: 'header',
        native: false
      },
      {
        column: 12,
        file: '/Users/Noemi_Verebelyi/Desktop/nodejs_mentoring/node_modules/express/lib/response.js',
        function: 'ServerResponse.send',
        line: 174,
        method: 'send',
        native: false
      },
      {
        column: 15,
        file: '/Users/Noemi_Verebelyi/Desktop/nodejs_mentoring/node_modules/express/lib/response.js',
        function: 'ServerResponse.json',
        line: 278,
        method: 'json',
        native: false
      },
      {
        column: 21,
        file: '/Users/Noemi_Verebelyi/Desktop/nodejs_mentoring/homework_2/services/user-service.ts',
        function: null,
        line: 41,
        method: null,
        native: false
      },
      {
        column: 5,
        file: 'node:internal/process/task_queues',
        function: 'processTicksAndRejections',
        line: 96,
        method: null,
        native: false
      }
    ],
    timestamp: '2023-03-04T16:30:52.983Z'
  }
}
{
  level: 'error',
  message: 'unhandledRejection: Cannot set headers after they are sent to the client\n' +
    'Error [ERR_HTTP_HEADERS_SENT]: Cannot set headers after they are sent to the client\n' +
    '    at new NodeError (node:internal/errors:372:5)\n' +
    '    at ServerResponse.setHeader (node:_http_outgoing:576:11)\n' +
    '    at ServerResponse.header (/Users/Noemi_Verebelyi/Desktop/nodejs_mentoring/node_modules/express/lib/response.js:794:10)\n' +
    '    at ServerResponse.send (/Users/Noemi_Verebelyi/Desktop/nodejs_mentoring/node_modules/express/lib/response.js:174:12)\n' +
    '    at ServerResponse.json (/Users/Noemi_Verebelyi/Desktop/nodejs_mentoring/node_modules/express/lib/response.js:278:15)\n' +
    '    at /Users/Noemi_Verebelyi/Desktop/nodejs_mentoring/homework_2/services/user-service.ts:41:21\n' +
    '    at processTicksAndRejections (node:internal/process/task_queues:96:5)',
  metadata: {
    error: Error [ERR_HTTP_HEADERS_SENT]: Cannot set headers after they are sent to the client
        at new NodeError (node:internal/errors:372:5)
        at ServerResponse.setHeader (node:_http_outgoing:576:11)
        at ServerResponse.header (/Users/Noemi_Verebelyi/Desktop/nodejs_mentoring/node_modules/express/lib/response.js:794:10)
        at ServerResponse.send (/Users/Noemi_Verebelyi/Desktop/nodejs_mentoring/node_modules/express/lib/response.js:174:12)
        at ServerResponse.json (/Users/Noemi_Verebelyi/Desktop/nodejs_mentoring/node_modules/express/lib/response.js:278:15)
        at /Users/Noemi_Verebelyi/Desktop/nodejs_mentoring/homework_2/services/user-service.ts:41:21
        at processTicksAndRejections (node:internal/process/task_queues:96:5) {
      code: 'ERR_HTTP_HEADERS_SENT'
    },
    stack: 'Error [ERR_HTTP_HEADERS_SENT]: Cannot set headers after they are sent to the client\n' +
      '    at new NodeError (node:internal/errors:372:5)\n' +
      '    at ServerResponse.setHeader (node:_http_outgoing:576:11)\n' +
      '    at ServerResponse.header (/Users/Noemi_Verebelyi/Desktop/nodejs_mentoring/node_modules/express/lib/response.js:794:10)\n' +
      '    at ServerResponse.send (/Users/Noemi_Verebelyi/Desktop/nodejs_mentoring/node_modules/express/lib/response.js:174:12)\n' +
      '    at ServerResponse.json (/Users/Noemi_Verebelyi/Desktop/nodejs_mentoring/node_modules/express/lib/response.js:278:15)\n' +
      '    at /Users/Noemi_Verebelyi/Desktop/nodejs_mentoring/homework_2/services/user-service.ts:41:21\n' +
      '    at processTicksAndRejections (node:internal/process/task_queues:96:5)',
    exception: true,
    date: 'Sat Mar 04 2023 17:31:32 GMT+0100 (Central European Standard Time)',
    process: {
      pid: 14781,
      uid: 501,
      gid: 20,
      cwd: '/Users/Noemi_Verebelyi/Desktop/nodejs_mentoring',
      execPath: '/usr/local/bin/node',
      version: 'v16.15.0',
      argv: [
        '/Users/Noemi_Verebelyi/Desktop/nodejs_mentoring/node_modules/.bin/ts-node',
        '/Users/Noemi_Verebelyi/Desktop/nodejs_mentoring/homework_2/app.ts'
      ],
      memoryUsage: {
        rss: 246267904,
        heapTotal: 160251904,
        heapUsed: 134778576,
        external: 6320076,
        arrayBuffers: 2296706
      }
    },
    os: {
      loadavg: [ 2.3525390625, 2.18408203125, 2.11865234375 ],
      uptime: 202522
    },
    trace: [
      {
        column: 5,
        file: 'node:internal/errors',
        function: 'new NodeError',
        line: 372,
        method: null,
        native: false
      },
      {
        column: 11,
        file: 'node:_http_outgoing',
        function: 'ServerResponse.setHeader',
        line: 576,
        method: 'setHeader',
        native: false
      },
      {
        column: 10,
        file: '/Users/Noemi_Verebelyi/Desktop/nodejs_mentoring/node_modules/express/lib/response.js',
        function: 'ServerResponse.header',
        line: 794,
        method: 'header',
        native: false
      },
      {
        column: 12,
        file: '/Users/Noemi_Verebelyi/Desktop/nodejs_mentoring/node_modules/express/lib/response.js',
        function: 'ServerResponse.send',
        line: 174,
        method: 'send',
        native: false
      },
      {
        column: 15,
        file: '/Users/Noemi_Verebelyi/Desktop/nodejs_mentoring/node_modules/express/lib/response.js',
        function: 'ServerResponse.json',
        line: 278,
        method: 'json',
        native: false
      },
      {
        column: 21,
        file: '/Users/Noemi_Verebelyi/Desktop/nodejs_mentoring/homework_2/services/user-service.ts',
        function: null,
        line: 41,
        method: null,
        native: false
      },
      {
        column: 5,
        file: 'node:internal/process/task_queues',
        function: 'processTicksAndRejections',
        line: 96,
        method: null,
        native: false
      }
    ],
    timestamp: '2023-03-04T16:31:32.161Z'
  }
}
{
  level: 'error',
  message: 'unhandledRejection: Cannot set headers after they are sent to the client\n' +
    'Error [ERR_HTTP_HEADERS_SENT]: Cannot set headers after they are sent to the client\n' +
    '    at new NodeError (node:internal/errors:372:5)\n' +
    '    at ServerResponse.setHeader (node:_http_outgoing:576:11)\n' +
    '    at ServerResponse.header (/Users/Noemi_Verebelyi/Desktop/nodejs_mentoring/node_modules/express/lib/response.js:794:10)\n' +
    '    at ServerResponse.send (/Users/Noemi_Verebelyi/Desktop/nodejs_mentoring/node_modules/express/lib/response.js:174:12)\n' +
    '    at ServerResponse.json (/Users/Noemi_Verebelyi/Desktop/nodejs_mentoring/node_modules/express/lib/response.js:278:15)\n' +
    '    at /Users/Noemi_Verebelyi/Desktop/nodejs_mentoring/homework_2/services/user-service.ts:41:21\n' +
    '    at processTicksAndRejections (node:internal/process/task_queues:96:5)',
  metadata: {
    error: Error [ERR_HTTP_HEADERS_SENT]: Cannot set headers after they are sent to the client
        at new NodeError (node:internal/errors:372:5)
        at ServerResponse.setHeader (node:_http_outgoing:576:11)
        at ServerResponse.header (/Users/Noemi_Verebelyi/Desktop/nodejs_mentoring/node_modules/express/lib/response.js:794:10)
        at ServerResponse.send (/Users/Noemi_Verebelyi/Desktop/nodejs_mentoring/node_modules/express/lib/response.js:174:12)
        at ServerResponse.json (/Users/Noemi_Verebelyi/Desktop/nodejs_mentoring/node_modules/express/lib/response.js:278:15)
        at /Users/Noemi_Verebelyi/Desktop/nodejs_mentoring/homework_2/services/user-service.ts:41:21
        at processTicksAndRejections (node:internal/process/task_queues:96:5) {
      code: 'ERR_HTTP_HEADERS_SENT'
    },
    stack: 'Error [ERR_HTTP_HEADERS_SENT]: Cannot set headers after they are sent to the client\n' +
      '    at new NodeError (node:internal/errors:372:5)\n' +
      '    at ServerResponse.setHeader (node:_http_outgoing:576:11)\n' +
      '    at ServerResponse.header (/Users/Noemi_Verebelyi/Desktop/nodejs_mentoring/node_modules/express/lib/response.js:794:10)\n' +
      '    at ServerResponse.send (/Users/Noemi_Verebelyi/Desktop/nodejs_mentoring/node_modules/express/lib/response.js:174:12)\n' +
      '    at ServerResponse.json (/Users/Noemi_Verebelyi/Desktop/nodejs_mentoring/node_modules/express/lib/response.js:278:15)\n' +
      '    at /Users/Noemi_Verebelyi/Desktop/nodejs_mentoring/homework_2/services/user-service.ts:41:21\n' +
      '    at processTicksAndRejections (node:internal/process/task_queues:96:5)',
    exception: true,
    date: 'Sat Mar 04 2023 17:34:19 GMT+0100 (Central European Standard Time)',
    process: {
      pid: 14977,
      uid: 501,
      gid: 20,
      cwd: '/Users/Noemi_Verebelyi/Desktop/nodejs_mentoring',
      execPath: '/usr/local/bin/node',
      version: 'v16.15.0',
      argv: [
        '/Users/Noemi_Verebelyi/Desktop/nodejs_mentoring/node_modules/.bin/ts-node',
        '/Users/Noemi_Verebelyi/Desktop/nodejs_mentoring/homework_2/app.ts'
      ],
      memoryUsage: {
        rss: 200404992,
        heapTotal: 118833152,
        heapUsed: 114821736,
        external: 3280089,
        arrayBuffers: 1842694
      }
    },
    os: {
      loadavg: [ 2.0439453125, 2.1201171875, 2.09423828125 ],
      uptime: 202689
    },
    trace: [
      {
        column: 5,
        file: 'node:internal/errors',
        function: 'new NodeError',
        line: 372,
        method: null,
        native: false
      },
      {
        column: 11,
        file: 'node:_http_outgoing',
        function: 'ServerResponse.setHeader',
        line: 576,
        method: 'setHeader',
        native: false
      },
      {
        column: 10,
        file: '/Users/Noemi_Verebelyi/Desktop/nodejs_mentoring/node_modules/express/lib/response.js',
        function: 'ServerResponse.header',
        line: 794,
        method: 'header',
        native: false
      },
      {
        column: 12,
        file: '/Users/Noemi_Verebelyi/Desktop/nodejs_mentoring/node_modules/express/lib/response.js',
        function: 'ServerResponse.send',
        line: 174,
        method: 'send',
        native: false
      },
      {
        column: 15,
        file: '/Users/Noemi_Verebelyi/Desktop/nodejs_mentoring/node_modules/express/lib/response.js',
        function: 'ServerResponse.json',
        line: 278,
        method: 'json',
        native: false
      },
      {
        column: 21,
        file: '/Users/Noemi_Verebelyi/Desktop/nodejs_mentoring/homework_2/services/user-service.ts',
        function: null,
        line: 41,
        method: null,
        native: false
      },
      {
        column: 5,
        file: 'node:internal/process/task_queues',
        function: 'processTicksAndRejections',
        line: 96,
        method: null,
        native: false
      }
    ],
    timestamp: '2023-03-04T16:34:19.737Z'
  }
}
{
  level: 'error',
  message: 'unhandledRejection: secretOrPrivateKey must have a value\n' +
    'Error: secretOrPrivateKey must have a value\n' +
    '    at Object.module.exports [as sign] (/Users/Noemi_Verebelyi/Desktop/nodejs_mentoring/node_modules/jsonwebtoken/sign.js:105:20)\n' +
    '    at /Users/Noemi_Verebelyi/Desktop/nodejs_mentoring/homework_2/services/user-service.ts:93:29\n' +
    '    at processTicksAndRejections (node:internal/process/task_queues:96:5)',
  metadata: {
    error: Error: secretOrPrivateKey must have a value
        at Object.module.exports [as sign] (/Users/Noemi_Verebelyi/Desktop/nodejs_mentoring/node_modules/jsonwebtoken/sign.js:105:20)
        at /Users/Noemi_Verebelyi/Desktop/nodejs_mentoring/homework_2/services/user-service.ts:93:29
        at processTicksAndRejections (node:internal/process/task_queues:96:5),
    stack: 'Error: secretOrPrivateKey must have a value\n' +
      '    at Object.module.exports [as sign] (/Users/Noemi_Verebelyi/Desktop/nodejs_mentoring/node_modules/jsonwebtoken/sign.js:105:20)\n' +
      '    at /Users/Noemi_Verebelyi/Desktop/nodejs_mentoring/homework_2/services/user-service.ts:93:29\n' +
      '    at processTicksAndRejections (node:internal/process/task_queues:96:5)',
    exception: true,
    date: 'Sat Mar 04 2023 17:42:58 GMT+0100 (Central European Standard Time)',
    process: {
      pid: 15705,
      uid: 501,
      gid: 20,
      cwd: '/Users/Noemi_Verebelyi/Desktop/nodejs_mentoring',
      execPath: '/usr/local/bin/node',
      version: 'v16.15.0',
      argv: [
        '/Users/Noemi_Verebelyi/Desktop/nodejs_mentoring/node_modules/.bin/ts-node',
        '/Users/Noemi_Verebelyi/Desktop/nodejs_mentoring/homework_2/app.ts'
      ],
      memoryUsage: {
        rss: 245469184,
        heapTotal: 160251904,
        heapUsed: 135956464,
        external: 6396375,
        arrayBuffers: 2373005
      }
    },
    os: {
      loadavg: [ 2.20703125, 2.26220703125, 2.169921875 ],
      uptime: 203208
    },
    trace: [
      {
        column: 20,
        file: '/Users/Noemi_Verebelyi/Desktop/nodejs_mentoring/node_modules/jsonwebtoken/sign.js',
        function: 'Object.module.exports [as sign]',
        line: 105,
        method: 'exports [as sign]',
        native: false
      },
      {
        column: 29,
        file: '/Users/Noemi_Verebelyi/Desktop/nodejs_mentoring/homework_2/services/user-service.ts',
        function: null,
        line: 93,
        method: null,
        native: false
      },
      {
        column: 5,
        file: 'node:internal/process/task_queues',
        function: 'processTicksAndRejections',
        line: 96,
        method: null,
        native: false
      }
    ],
    timestamp: '2023-03-04T16:42:58.523Z'
  }
}
{
  level: 'error',
  message: 'unhandledRejection: Cannot set headers after they are sent to the client\n' +
    'Error [ERR_HTTP_HEADERS_SENT]: Cannot set headers after they are sent to the client\n' +
    '    at new NodeError (node:internal/errors:372:5)\n' +
    '    at ServerResponse.setHeader (node:_http_outgoing:576:11)\n' +
    '    at ServerResponse.header (/Users/Noemi_Verebelyi/Desktop/nodejs_mentoring/node_modules/express/lib/response.js:794:10)\n' +
    '    at ServerResponse.send (/Users/Noemi_Verebelyi/Desktop/nodejs_mentoring/node_modules/express/lib/response.js:174:12)\n' +
    '    at ServerResponse.json (/Users/Noemi_Verebelyi/Desktop/nodejs_mentoring/node_modules/express/lib/response.js:278:15)\n' +
    '    at /Users/Noemi_Verebelyi/Desktop/nodejs_mentoring/homework_2/services/user-service.ts:41:21\n' +
    '    at processTicksAndRejections (node:internal/process/task_queues:96:5)',
  metadata: {
    error: Error [ERR_HTTP_HEADERS_SENT]: Cannot set headers after they are sent to the client
        at new NodeError (node:internal/errors:372:5)
        at ServerResponse.setHeader (node:_http_outgoing:576:11)
        at ServerResponse.header (/Users/Noemi_Verebelyi/Desktop/nodejs_mentoring/node_modules/express/lib/response.js:794:10)
        at ServerResponse.send (/Users/Noemi_Verebelyi/Desktop/nodejs_mentoring/node_modules/express/lib/response.js:174:12)
        at ServerResponse.json (/Users/Noemi_Verebelyi/Desktop/nodejs_mentoring/node_modules/express/lib/response.js:278:15)
        at /Users/Noemi_Verebelyi/Desktop/nodejs_mentoring/homework_2/services/user-service.ts:41:21
        at processTicksAndRejections (node:internal/process/task_queues:96:5) {
      code: 'ERR_HTTP_HEADERS_SENT'
    },
    stack: 'Error [ERR_HTTP_HEADERS_SENT]: Cannot set headers after they are sent to the client\n' +
      '    at new NodeError (node:internal/errors:372:5)\n' +
      '    at ServerResponse.setHeader (node:_http_outgoing:576:11)\n' +
      '    at ServerResponse.header (/Users/Noemi_Verebelyi/Desktop/nodejs_mentoring/node_modules/express/lib/response.js:794:10)\n' +
      '    at ServerResponse.send (/Users/Noemi_Verebelyi/Desktop/nodejs_mentoring/node_modules/express/lib/response.js:174:12)\n' +
      '    at ServerResponse.json (/Users/Noemi_Verebelyi/Desktop/nodejs_mentoring/node_modules/express/lib/response.js:278:15)\n' +
      '    at /Users/Noemi_Verebelyi/Desktop/nodejs_mentoring/homework_2/services/user-service.ts:41:21\n' +
      '    at processTicksAndRejections (node:internal/process/task_queues:96:5)',
    exception: true,
    date: 'Sat Mar 04 2023 17:44:48 GMT+0100 (Central European Standard Time)',
    process: {
      pid: 15785,
      uid: 501,
      gid: 20,
      cwd: '/Users/Noemi_Verebelyi/Desktop/nodejs_mentoring',
      execPath: '/usr/local/bin/node',
      version: 'v16.15.0',
      argv: [
        '/Users/Noemi_Verebelyi/Desktop/nodejs_mentoring/node_modules/.bin/ts-node',
        '/Users/Noemi_Verebelyi/Desktop/nodejs_mentoring/homework_2/app.ts'
      ],
      memoryUsage: {
        rss: 203710464,
        heapTotal: 119357440,
        heapUsed: 115578696,
        external: 3378088,
        arrayBuffers: 1851801
      }
    },
    os: {
      loadavg: [ 2.87109375, 2.453125, 2.25048828125 ],
      uptime: 203318
    },
    trace: [
      {
        column: 5,
        file: 'node:internal/errors',
        function: 'new NodeError',
        line: 372,
        method: null,
        native: false
      },
      {
        column: 11,
        file: 'node:_http_outgoing',
        function: 'ServerResponse.setHeader',
        line: 576,
        method: 'setHeader',
        native: false
      },
      {
        column: 10,
        file: '/Users/Noemi_Verebelyi/Desktop/nodejs_mentoring/node_modules/express/lib/response.js',
        function: 'ServerResponse.header',
        line: 794,
        method: 'header',
        native: false
      },
      {
        column: 12,
        file: '/Users/Noemi_Verebelyi/Desktop/nodejs_mentoring/node_modules/express/lib/response.js',
        function: 'ServerResponse.send',
        line: 174,
        method: 'send',
        native: false
      },
      {
        column: 15,
        file: '/Users/Noemi_Verebelyi/Desktop/nodejs_mentoring/node_modules/express/lib/response.js',
        function: 'ServerResponse.json',
        line: 278,
        method: 'json',
        native: false
      },
      {
        column: 21,
        file: '/Users/Noemi_Verebelyi/Desktop/nodejs_mentoring/homework_2/services/user-service.ts',
        function: null,
        line: 41,
        method: null,
        native: false
      },
      {
        column: 5,
        file: 'node:internal/process/task_queues',
        function: 'processTicksAndRejections',
        line: 96,
        method: null,
        native: false
      }
    ],
    timestamp: '2023-03-04T16:44:48.399Z'
  }
}
